<?xml version="1.0" encoding="UTF-8"?>
<testng-results ignored="0" total="1" passed="1" failed="0" skipped="0">
  <reporter-output>
  </reporter-output>
  <suite started-at="2020-02-26T15:45:23 IST" name="Default suite" finished-at="2020-02-26T15:45:26 IST" duration-ms="2457">
    <groups>
    </groups>
    <test started-at="2020-02-26T15:45:23 IST" name="Default test" finished-at="2020-02-26T15:45:26 IST" duration-ms="2457">
      <class name="testScripts.RestAPIAutomation">
        <test-method signature="firstRestAPI()[pri:0, instance:testScripts.RestAPIAutomation@794cb805]" started-at="2020-02-26T15:45:23 IST" name="firstRestAPI" finished-at="2020-02-26T15:45:26 IST" duration-ms="2434" status="PASS">
          <reporter-output>
          </reporter-output>
        </test-method> <!-- firstRestAPI -->
      </class> <!-- testScripts.RestAPIAutomation -->
    </test> <!-- Default test -->
  </suite> <!-- Default suite -->
</testng-results>
